<?xml version="1.0" encoding="UTF-8"?>
<testng-results ignored="0" total="1" passed="1" failed="0" skipped="0">
  <reporter-output>
  </reporter-output>
  <suite started-at="2019-07-04T09:19:25Z" name="Default suite" finished-at="2019-07-04T09:20:43Z" duration-ms="78754">
    <groups>
    </groups>
    <test started-at="2019-07-04T09:19:25Z" name="Default test" finished-at="2019-07-04T09:20:43Z" duration-ms="78754">
      <class name="com.payu.appiumtest.AndroidTest">
        <test-method is-config="true" signature="globalSetup()[pri:0, instance:com.payu.appiumtest.AndroidTest@13acb0d1]" started-at="2019-07-04T09:19:20Z" name="globalSetup" finished-at="2019-07-04T09:19:25Z" duration-ms="4347" status="PASS">
          <reporter-output>
          </reporter-output>
        </test-method> <!-- globalSetup -->
        <test-method is-config="true" signature="setUp()[pri:0, instance:com.payu.appiumtest.AndroidTest@13acb0d1]" started-at="2019-07-04T09:19:25Z" name="setUp" finished-at="2019-07-04T09:19:45Z" duration-ms="20624" status="PASS">
          <reporter-output>
          </reporter-output>
        </test-method> <!-- setUp -->
        <test-method signature="addToCart()[pri:0, instance:com.payu.appiumtest.AndroidTest@13acb0d1]" started-at="2019-07-04T09:19:45Z" name="addToCart" finished-at="2019-07-04T09:20:43Z" duration-ms="58098" status="PASS">
          <reporter-output>
          </reporter-output>
        </test-method> <!-- addToCart -->
        <test-method is-config="true" signature="tearDown()[pri:0, instance:com.payu.appiumtest.AndroidTest@13acb0d1]" started-at="2019-07-04T09:20:43Z" name="tearDown" finished-at="2019-07-04T09:20:43Z" duration-ms="0" status="PASS">
          <reporter-output>
          </reporter-output>
        </test-method> <!-- tearDown -->
        <test-method is-config="true" signature="globalTearDown()[pri:0, instance:com.payu.appiumtest.AndroidTest@13acb0d1]" started-at="2019-07-04T09:20:44Z" name="globalTearDown" finished-at="2019-07-04T09:20:44Z" duration-ms="57" status="PASS">
          <reporter-output>
          </reporter-output>
        </test-method> <!-- globalTearDown -->
      </class> <!-- com.payu.appiumtest.AndroidTest -->
    </test> <!-- Default test -->
  </suite> <!-- Default suite -->
</testng-results>
